<?xml version="1.0" encoding="UTF-8"?>
<!-- Generated by org.testng.reporters.JUnitReportReporter -->
<testsuite hostname="DESKTOP-JL96OP5" failures="0" tests="4" name="testNG.SmeScptMultitime" time="0.025" errors="0" timestamp="2023-10-03T07:57:42 BST" skipped="0">
  <testcase classname="testNG.SmeScptMultitime" name="test2" time="0.012">
    <system-out>
      <![CDATA[world]]>
    </system-out>
  </testcase> <!-- test2 -->
  <testcase classname="testNG.SmeScptMultitime" name="test1" time="0.004">
    <system-out>
      <![CDATA[hello]]>
    </system-out>
  </testcase> <!-- test1 -->
  <testcase classname="testNG.SmeScptMultitime" name="test1" time="0.004">
    <system-out>
      <![CDATA[hello]]>
    </system-out>
  </testcase> <!-- test1 -->
  <testcase classname="testNG.SmeScptMultitime" name="test1" time="0.005">
    <system-out>
      <![CDATA[hello]]>
    </system-out>
  </testcase> <!-- test1 -->
  <system-out>
    <![CDATA[world
hello
hello
hello]]>
  </system-out>
</testsuite> <!-- testNG.SmeScptMultitime -->
