<?xml version="1.0" encoding="UTF-8"?>
<!-- Generated by org.testng.reporters.JUnitReportReporter -->
<testsuite hostname="DESKTOP-JL96OP5" failures="0" tests="2" name="testNG.DemoPriority" time="0.019" errors="0" timestamp="2023-10-28T00:47:01 GMT-04:00" skipped="0">
  <testcase classname="testNG.DemoPriority" name="test2" time="0.012">
    <system-out>
      <![CDATA[world]]>
    </system-out>
  </testcase> <!-- test2 -->
  <testcase classname="testNG.DemoPriority" name="test1" time="0.007">
    <system-out>
      <![CDATA[hello]]>
    </system-out>
  </testcase> <!-- test1 -->
  <system-out>
    <![CDATA[world
hello]]>
  </system-out>
</testsuite> <!-- testNG.DemoPriority -->
