<?xml version="1.0" encoding="UTF-8"?>
<!-- Generated by org.testng.reporters.JUnitReportReporter -->
<testsuite hostname="DESKTOP-JL96OP5" failures="0" tests="2" name="testNG.MultiScrp" time="0.013" errors="0" timestamp="2023-09-30T09:21:32 BST" skipped="0">
  <testcase classname="testNG.MultiScrp" name="test2" time="0.003">
    <system-out>
      <![CDATA[world]]>
    </system-out>
  </testcase> <!-- test2 -->
  <testcase classname="testNG.MultiScrp" name="test1" time="0.010">
    <system-out>
      <![CDATA[hello]]>
    </system-out>
  </testcase> <!-- test1 -->
  <system-out>
    <![CDATA[hello
world]]>
  </system-out>
</testsuite> <!-- testNG.MultiScrp -->
