<?xml version="1.0" encoding="UTF-8"?>
<!-- Generated by org.testng.reporters.JUnitReportReporter -->
<testsuite hostname="DESKTOP-JL96OP5" failures="0" tests="2" name="testNG.SkipTC" time="0.012" errors="0" timestamp="2023-10-03T08:00:35 BST" skipped="1">
  <testcase classname="testNG.SkipTC" name="test2" time="0.012">
    <system-out>
      <![CDATA[world]]>
    </system-out>
  </testcase> <!-- test2 -->
  <testcase classname="testNG.SkipTC" name="test1">
    <skipped/>
  </testcase> <!-- test1 -->
  <system-out>
    <![CDATA[world]]>
  </system-out>
</testsuite> <!-- testNG.SkipTC -->
