<?xml version="1.0" encoding="UTF-8"?>
<!-- Generated by org.testng.reporters.JUnitReportReporter -->
<testsuite hostname="DESKTOP-JL96OP5" failures="0" tests="1" name="testNG.Mavenexec" time="0.015" errors="0" timestamp="2023-10-26T00:26:42 GMT-04:00" skipped="0">
  <testcase classname="testNG.Mavenexec" name="testName" time="0.015">
    <system-out>
      <![CDATA[hello]]>
    </system-out>
  </testcase> <!-- testName -->
  <system-out>
    <![CDATA[hello]]>
  </system-out>
</testsuite> <!-- testNG.Mavenexec -->
